<?xml version="1.0" encoding="UTF-8"?>
<!-- Generated by org.testng.reporters.JUnitReportReporter -->
<testsuite hostname="DESKTOP-38M9TK5" failures="0" tests="1" name="leads.ToCreateALeadTest" time="29.064" errors="0" timestamp="2024-02-04T12:17:22 IST" skipped="0">
  <testcase classname="leads.ToCreateALeadTest" name="toCreatALeadAndVerifyTheLeadDetailsTest" time="29.064"/>
</testsuite> <!-- leads.ToCreateALeadTest -->
