<?xml version="1.0" encoding="UTF-8"?>
<!-- Generated by org.testng.reporters.JUnitReportReporter -->
<testsuite hostname="DESKTOP-38M9TK5" failures="0" tests="1" name="CreateProductTest" time="26.817" errors="0" timestamp="2024-02-04T15:44:42 IST" skipped="0">
  <testcase classname="CreateProductTest" name="createProductAndVerifyProductInformation" time="26.817"/>
</testsuite> <!-- CreateProductTest -->
